2019-11-20T01:21:23+00:00 CRITICAL Uncaught ImagickException: unable to open image `/var/www/html/docs/wp-content/uploads/2016/07/course-2.jpg': Permission denied @ error/blob.c/OpenBlob/2874 in /var/www/html/docs/wp-content/plugins/warp-imagick/classes/class-plugin.php:941
Stack trace:
#0 /var/www/html/docs/wp-content/plugins/warp-imagick/classes/class-plugin.php(941): Imagick->writeimage('/var/www/html/d...')
#1 /var/www/html/docs/wp-content/plugins/warp-imagick/classes/class-plugin.php(375): ddur\Warp_iMagick\Plugin->check_resize_image_width('/var/www/html/d...', '/var/www/html/d...', 1600, false)
#2 /var/www/html/docs/wp-includes/class-wp-hook.php(290): ddur\Warp_iMagick\Plugin->on_wp_generate_attachment_metadata_100_filter(Array, 429)
#3 /var/www/html/docs/wp-includes/plugin.php(206): WP_Hook->apply_filters(Array, Array)
#4 /var/www/html/docs/wp-admin/includes/image.php(608): apply_filters('wp_generate_att...', Array, 429, 'create')
#5 /var/www/html/docs/wp-content/plugins/regenerate-thumbnails/includes/class-regeneratethumbnails-regenera in /var/www/html/docs/wp-content/plugins/warp-imagick/classes/class-plugin.php on line 941

2019-11-20T01:21:26+00:00 CRITICAL Uncaught ImagickException: unable to open image `/var/www/html/docs/wp-content/uploads/2016/07/course-5.jpg': Permission denied @ error/blob.c/OpenBlob/2874 in /var/www/html/docs/wp-content/plugins/warp-imagick/classes/class-plugin.php:941
Stack trace:
#0 /var/www/html/docs/wp-content/plugins/warp-imagick/classes/class-plugin.php(941): Imagick->writeimage('/var/www/html/d...')
#1 /var/www/html/docs/wp-content/plugins/warp-imagick/classes/class-plugin.php(375): ddur\Warp_iMagick\Plugin->check_resize_image_width('/var/www/html/d...', '/var/www/html/d...', 1600, false)
#2 /var/www/html/docs/wp-includes/class-wp-hook.php(290): ddur\Warp_iMagick\Plugin->on_wp_generate_attachment_metadata_100_filter(Array, 434)
#3 /var/www/html/docs/wp-includes/plugin.php(206): WP_Hook->apply_filters(Array, Array)
#4 /var/www/html/docs/wp-admin/includes/image.php(608): apply_filters('wp_generate_att...', Array, 434, 'create')
#5 /var/www/html/docs/wp-content/plugins/regenerate-thumbnails/includes/class-regeneratethumbnails-regenera in /var/www/html/docs/wp-content/plugins/warp-imagick/classes/class-plugin.php on line 941

2019-11-20T01:21:28+00:00 CRITICAL Uncaught ImagickException: unable to open image `/var/www/html/docs/wp-content/uploads/2016/07/course-4.jpg': Permission denied @ error/blob.c/OpenBlob/2874 in /var/www/html/docs/wp-content/plugins/warp-imagick/classes/class-plugin.php:941
Stack trace:
#0 /var/www/html/docs/wp-content/plugins/warp-imagick/classes/class-plugin.php(941): Imagick->writeimage('/var/www/html/d...')
#1 /var/www/html/docs/wp-content/plugins/warp-imagick/classes/class-plugin.php(375): ddur\Warp_iMagick\Plugin->check_resize_image_width('/var/www/html/d...', '/var/www/html/d...', 1600, false)
#2 /var/www/html/docs/wp-includes/class-wp-hook.php(290): ddur\Warp_iMagick\Plugin->on_wp_generate_attachment_metadata_100_filter(Array, 578)
#3 /var/www/html/docs/wp-includes/plugin.php(206): WP_Hook->apply_filters(Array, Array)
#4 /var/www/html/docs/wp-admin/includes/image.php(608): apply_filters('wp_generate_att...', Array, 578, 'create')
#5 /var/www/html/docs/wp-content/plugins/regenerate-thumbnails/includes/class-regeneratethumbnails-regenera in /var/www/html/docs/wp-content/plugins/warp-imagick/classes/class-plugin.php on line 941

2019-11-20T01:21:30+00:00 CRITICAL Uncaught ImagickException: unable to open image `/var/www/html/docs/wp-content/uploads/2016/07/course-3.jpg': Permission denied @ error/blob.c/OpenBlob/2874 in /var/www/html/docs/wp-content/plugins/warp-imagick/classes/class-plugin.php:941
Stack trace:
#0 /var/www/html/docs/wp-content/plugins/warp-imagick/classes/class-plugin.php(941): Imagick->writeimage('/var/www/html/d...')
#1 /var/www/html/docs/wp-content/plugins/warp-imagick/classes/class-plugin.php(375): ddur\Warp_iMagick\Plugin->check_resize_image_width('/var/www/html/d...', '/var/www/html/d...', 1600, false)
#2 /var/www/html/docs/wp-includes/class-wp-hook.php(290): ddur\Warp_iMagick\Plugin->on_wp_generate_attachment_metadata_100_filter(Array, 579)
#3 /var/www/html/docs/wp-includes/plugin.php(206): WP_Hook->apply_filters(Array, Array)
#4 /var/www/html/docs/wp-admin/includes/image.php(608): apply_filters('wp_generate_att...', Array, 579, 'create')
#5 /var/www/html/docs/wp-content/plugins/regenerate-thumbnails/includes/class-regeneratethumbnails-regenera in /var/www/html/docs/wp-content/plugins/warp-imagick/classes/class-plugin.php on line 941

2019-11-20T01:21:43+00:00 CRITICAL Uncaught ImagickException: unable to open image `/var/www/html/docs/wp-content/uploads/2016/07/bg-prices.jpg': Permission denied @ error/blob.c/OpenBlob/2874 in /var/www/html/docs/wp-content/plugins/warp-imagick/classes/class-plugin.php:941
Stack trace:
#0 /var/www/html/docs/wp-content/plugins/warp-imagick/classes/class-plugin.php(941): Imagick->writeimage('/var/www/html/d...')
#1 /var/www/html/docs/wp-content/plugins/warp-imagick/classes/class-plugin.php(375): ddur\Warp_iMagick\Plugin->check_resize_image_width('/var/www/html/d...', '/var/www/html/d...', 1600, false)
#2 /var/www/html/docs/wp-includes/class-wp-hook.php(290): ddur\Warp_iMagick\Plugin->on_wp_generate_attachment_metadata_100_filter(Array, 697)
#3 /var/www/html/docs/wp-includes/plugin.php(206): WP_Hook->apply_filters(Array, Array)
#4 /var/www/html/docs/wp-admin/includes/image.php(608): apply_filters('wp_generate_att...', Array, 697, 'create')
#5 /var/www/html/docs/wp-content/plugins/regenerate-thumbnails/includes/class-regeneratethumbnails-regener in /var/www/html/docs/wp-content/plugins/warp-imagick/classes/class-plugin.php on line 941

2019-11-20T01:21:44+00:00 CRITICAL Uncaught ImagickException: unable to open image `/var/www/html/docs/wp-content/uploads/2016/07/bg-services.jpg': Permission denied @ error/blob.c/OpenBlob/2874 in /var/www/html/docs/wp-content/plugins/warp-imagick/classes/class-plugin.php:941
Stack trace:
#0 /var/www/html/docs/wp-content/plugins/warp-imagick/classes/class-plugin.php(941): Imagick->writeimage('/var/www/html/d...')
#1 /var/www/html/docs/wp-content/plugins/warp-imagick/classes/class-plugin.php(375): ddur\Warp_iMagick\Plugin->check_resize_image_width('/var/www/html/d...', '/var/www/html/d...', 1600, false)
#2 /var/www/html/docs/wp-includes/class-wp-hook.php(290): ddur\Warp_iMagick\Plugin->on_wp_generate_attachment_metadata_100_filter(Array, 698)
#3 /var/www/html/docs/wp-includes/plugin.php(206): WP_Hook->apply_filters(Array, Array)
#4 /var/www/html/docs/wp-admin/includes/image.php(608): apply_filters('wp_generate_att...', Array, 698, 'create')
#5 /var/www/html/docs/wp-content/plugins/regenerate-thumbnails/includes/class-regeneratethumbnails-regen in /var/www/html/docs/wp-content/plugins/warp-imagick/classes/class-plugin.php on line 941

2019-11-20T01:22:03+00:00 CRITICAL Uncaught ImagickException: unable to open image `/var/www/html/docs/wp-content/uploads/2016/09/bg-clients.jpg': Permission denied @ error/blob.c/OpenBlob/2874 in /var/www/html/docs/wp-content/plugins/warp-imagick/classes/class-plugin.php:941
Stack trace:
#0 /var/www/html/docs/wp-content/plugins/warp-imagick/classes/class-plugin.php(941): Imagick->writeimage('/var/www/html/d...')
#1 /var/www/html/docs/wp-content/plugins/warp-imagick/classes/class-plugin.php(375): ddur\Warp_iMagick\Plugin->check_resize_image_width('/var/www/html/d...', '/var/www/html/d...', 1600, false)
#2 /var/www/html/docs/wp-includes/class-wp-hook.php(290): ddur\Warp_iMagick\Plugin->on_wp_generate_attachment_metadata_100_filter(Array, 1143)
#3 /var/www/html/docs/wp-includes/plugin.php(206): WP_Hook->apply_filters(Array, Array)
#4 /var/www/html/docs/wp-admin/includes/image.php(608): apply_filters('wp_generate_att...', Array, 1143, 'create')
#5 /var/www/html/docs/wp-content/plugins/regenerate-thumbnails/includes/class-regeneratethumbnails-rege in /var/www/html/docs/wp-content/plugins/warp-imagick/classes/class-plugin.php on line 941

2019-11-20T01:22:05+00:00 CRITICAL Uncaught ImagickException: WriteBlob Failed `/var/www/html/docs/wp-content/uploads/2018/07/Testimonials.png' @ error/png.c/MagickPNGErrorHandler/1641 in /var/www/html/docs/wp-content/plugins/warp-imagick/classes/class-plugin.php:941
Stack trace:
#0 /var/www/html/docs/wp-content/plugins/warp-imagick/classes/class-plugin.php(941): Imagick->writeimage('/var/www/html/d...')
#1 /var/www/html/docs/wp-content/plugins/warp-imagick/classes/class-plugin.php(375): ddur\Warp_iMagick\Plugin->check_resize_image_width('/var/www/html/d...', '/var/www/html/d...', 1600, false)
#2 /var/www/html/docs/wp-includes/class-wp-hook.php(290): ddur\Warp_iMagick\Plugin->on_wp_generate_attachment_metadata_100_filter(Array, 1289)
#3 /var/www/html/docs/wp-includes/plugin.php(206): WP_Hook->apply_filters(Array, Array)
#4 /var/www/html/docs/wp-admin/includes/image.php(608): apply_filters('wp_generate_att...', Array, 1289, 'create')
#5 /var/www/html/docs/wp-content/plugins/regenerate-thumbnails/includes/class-regeneratethumbnails-regenerator.p in /var/www/html/docs/wp-content/plugins/warp-imagick/classes/class-plugin.php on line 941

2019-11-20T01:22:36+00:00 CRITICAL Maximum execution time of 30 seconds exceeded in /var/www/html/docs/wp-content/plugins/warp-imagick/classes/class-warp-image-editor-imagick.php on line 247

2019-11-20T01:23:03+00:00 CRITICAL Maximum execution time of 30 seconds exceeded in /var/www/html/docs/wp-content/plugins/warp-imagick/classes/class-warp-image-editor-imagick.php on line 247

2019-11-20T01:24:56+00:00 CRITICAL Uncaught ImagickException: unable to open image `/var/www/html/docs/wp-content/uploads/2016/07/course-2.jpg': Permission denied @ error/blob.c/OpenBlob/2874 in /var/www/html/docs/wp-content/plugins/warp-imagick/classes/class-plugin.php:941
Stack trace:
#0 /var/www/html/docs/wp-content/plugins/warp-imagick/classes/class-plugin.php(941): Imagick->writeimage('/var/www/html/d...')
#1 /var/www/html/docs/wp-content/plugins/warp-imagick/classes/class-plugin.php(375): ddur\Warp_iMagick\Plugin->check_resize_image_width('/var/www/html/d...', '/var/www/html/d...', 1600, false)
#2 /var/www/html/docs/wp-includes/class-wp-hook.php(290): ddur\Warp_iMagick\Plugin->on_wp_generate_attachment_metadata_100_filter(Array, 429)
#3 /var/www/html/docs/wp-includes/plugin.php(206): WP_Hook->apply_filters(Array, Array)
#4 /var/www/html/docs/wp-admin/includes/image.php(608): apply_filters('wp_generate_att...', Array, 429, 'create')
#5 /var/www/html/docs/wp-content/plugins/regenerate-thumbnails/includes/class-regeneratethumbnails-regenera in /var/www/html/docs/wp-content/plugins/warp-imagick/classes/class-plugin.php on line 941

2019-11-20T01:24:58+00:00 CRITICAL Uncaught ImagickException: unable to open image `/var/www/html/docs/wp-content/uploads/2016/07/course-5.jpg': Permission denied @ error/blob.c/OpenBlob/2874 in /var/www/html/docs/wp-content/plugins/warp-imagick/classes/class-plugin.php:941
Stack trace:
#0 /var/www/html/docs/wp-content/plugins/warp-imagick/classes/class-plugin.php(941): Imagick->writeimage('/var/www/html/d...')
#1 /var/www/html/docs/wp-content/plugins/warp-imagick/classes/class-plugin.php(375): ddur\Warp_iMagick\Plugin->check_resize_image_width('/var/www/html/d...', '/var/www/html/d...', 1600, false)
#2 /var/www/html/docs/wp-includes/class-wp-hook.php(290): ddur\Warp_iMagick\Plugin->on_wp_generate_attachment_metadata_100_filter(Array, 434)
#3 /var/www/html/docs/wp-includes/plugin.php(206): WP_Hook->apply_filters(Array, Array)
#4 /var/www/html/docs/wp-admin/includes/image.php(608): apply_filters('wp_generate_att...', Array, 434, 'create')
#5 /var/www/html/docs/wp-content/plugins/regenerate-thumbnails/includes/class-regeneratethumbnails-regenera in /var/www/html/docs/wp-content/plugins/warp-imagick/classes/class-plugin.php on line 941

2019-11-20T01:25:00+00:00 CRITICAL Uncaught ImagickException: unable to open image `/var/www/html/docs/wp-content/uploads/2016/07/course-4.jpg': Permission denied @ error/blob.c/OpenBlob/2874 in /var/www/html/docs/wp-content/plugins/warp-imagick/classes/class-plugin.php:941
Stack trace:
#0 /var/www/html/docs/wp-content/plugins/warp-imagick/classes/class-plugin.php(941): Imagick->writeimage('/var/www/html/d...')
#1 /var/www/html/docs/wp-content/plugins/warp-imagick/classes/class-plugin.php(375): ddur\Warp_iMagick\Plugin->check_resize_image_width('/var/www/html/d...', '/var/www/html/d...', 1600, false)
#2 /var/www/html/docs/wp-includes/class-wp-hook.php(290): ddur\Warp_iMagick\Plugin->on_wp_generate_attachment_metadata_100_filter(Array, 578)
#3 /var/www/html/docs/wp-includes/plugin.php(206): WP_Hook->apply_filters(Array, Array)
#4 /var/www/html/docs/wp-admin/includes/image.php(608): apply_filters('wp_generate_att...', Array, 578, 'create')
#5 /var/www/html/docs/wp-content/plugins/regenerate-thumbnails/includes/class-regeneratethumbnails-regenera in /var/www/html/docs/wp-content/plugins/warp-imagick/classes/class-plugin.php on line 941

2019-11-20T01:25:02+00:00 CRITICAL Uncaught ImagickException: unable to open image `/var/www/html/docs/wp-content/uploads/2016/07/course-3.jpg': Permission denied @ error/blob.c/OpenBlob/2874 in /var/www/html/docs/wp-content/plugins/warp-imagick/classes/class-plugin.php:941
Stack trace:
#0 /var/www/html/docs/wp-content/plugins/warp-imagick/classes/class-plugin.php(941): Imagick->writeimage('/var/www/html/d...')
#1 /var/www/html/docs/wp-content/plugins/warp-imagick/classes/class-plugin.php(375): ddur\Warp_iMagick\Plugin->check_resize_image_width('/var/www/html/d...', '/var/www/html/d...', 1600, false)
#2 /var/www/html/docs/wp-includes/class-wp-hook.php(290): ddur\Warp_iMagick\Plugin->on_wp_generate_attachment_metadata_100_filter(Array, 579)
#3 /var/www/html/docs/wp-includes/plugin.php(206): WP_Hook->apply_filters(Array, Array)
#4 /var/www/html/docs/wp-admin/includes/image.php(608): apply_filters('wp_generate_att...', Array, 579, 'create')
#5 /var/www/html/docs/wp-content/plugins/regenerate-thumbnails/includes/class-regeneratethumbnails-regenera in /var/www/html/docs/wp-content/plugins/warp-imagick/classes/class-plugin.php on line 941

2019-11-20T01:34:54+00:00 CRITICAL Maximum execution time of 30 seconds exceeded in /var/www/html/docs/wp-content/plugins/warp-imagick/classes/class-warp-image-editor-imagick.php on line 247

